TN:
SF:/Users/eugenepetersen/Documents/github/aws-lambda-power-tuning/lambda/analyzer.js
FN:10,(anonymous_0)
FN:11,(anonymous_1)
FN:12,(anonymous_2)
FN:18,(anonymous_3)
FN:31,(anonymous_4)
FN:36,(anonymous_5)
FN:46,(anonymous_6)
FN:57,(anonymous_7)
FN:58,(anonymous_8)
FN:68,(anonymous_9)
FN:72,(anonymous_10)
FN:73,(anonymous_11)
FN:81,(anonymous_12)
FN:85,(anonymous_13)
FN:99,(anonymous_14)
FN:103,(anonymous_15)
FN:117,(anonymous_16)
FN:124,(anonymous_17)
FN:125,(anonymous_18)
FN:128,(anonymous_19)
FN:131,(anonymous_20)
FNF:21
FNH:21
FNDA:5,(anonymous_0)
FNDA:2,(anonymous_1)
FNDA:4,(anonymous_2)
FNDA:18,(anonymous_3)
FNDA:12,(anonymous_4)
FNDA:12,(anonymous_5)
FNDA:12,(anonymous_6)
FNDA:34,(anonymous_7)
FNDA:34,(anonymous_8)
FNDA:12,(anonymous_9)
FNDA:37,(anonymous_10)
FNDA:37,(anonymous_11)
FNDA:5,(anonymous_12)
FNDA:19,(anonymous_13)
FNDA:2,(anonymous_14)
FNDA:5,(anonymous_15)
FNDA:4,(anonymous_16)
FNDA:13,(anonymous_17)
FNDA:13,(anonymous_18)
FNDA:28,(anonymous_19)
FNDA:14,(anonymous_20)
DA:3,1
DA:5,1
DA:7,1
DA:8,1
DA:9,1
DA:10,5
DA:11,2
DA:12,4
DA:18,1
DA:20,18
DA:21,4
DA:24,13
DA:25,1
DA:28,12
DA:31,1
DA:33,12
DA:36,1
DA:38,12
DA:39,12
DA:40,9
DA:43,12
DA:46,1
DA:47,12
DA:48,12
DA:49,12
DA:50,12
DA:51,11
DA:54,11
DA:55,11
DA:56,11
DA:57,34
DA:58,34
DA:59,11
DA:62,11
DA:64,11
DA:68,1
DA:70,12
DA:72,37
DA:73,37
DA:81,1
DA:82,5
DA:85,5
DA:86,19
DA:88,1
DA:90,18
DA:93,5
DA:96,5
DA:99,1
DA:100,2
DA:103,2
DA:104,5
DA:106,1
DA:108,4
DA:111,2
DA:114,2
DA:117,1
DA:120,4
DA:124,13
DA:125,13
DA:128,28
DA:131,14
DA:133,4
DA:136,4
LF:63
LH:63
BRDA:20,0,0,4
BRDA:20,0,1,13
BRDA:20,1,0,18
BRDA:20,1,1,13
BRDA:24,2,0,1
BRDA:24,2,1,12
BRDA:33,3,0,12
BRDA:33,3,1,3
BRDA:39,4,0,9
BRDA:39,4,1,3
BRDA:72,5,0,37
BRDA:72,5,1,37
BRDA:86,6,0,1
BRDA:86,6,1,18
BRDA:104,7,0,1
BRDA:104,7,1,4
BRF:16
BRH:16
end_of_record
TN:
SF:/Users/eugenepetersen/Documents/github/aws-lambda-power-tuning/lambda/cleaner.js
FN:8,(anonymous_0)
FN:14,(anonymous_1)
FN:25,(anonymous_2)
FN:34,(anonymous_3)
FNF:4
FNH:4
FNDA:11,(anonymous_0)
FNDA:12,(anonymous_1)
FNDA:10,(anonymous_2)
FNDA:12,(anonymous_3)
DA:3,1
DA:8,1
DA:10,11
DA:12,10
DA:14,4
DA:15,12
DA:16,12
DA:20,4
DA:22,3
DA:25,1
DA:26,10
DA:27,5
DA:29,5
DA:30,1
DA:34,1
DA:35,12
DA:37,12
DA:39,12
DA:40,9
DA:42,9
DA:43,6
DA:44,6
DA:46,3
DA:47,3
LF:24
LH:24
BRDA:26,0,0,5
BRDA:26,0,1,5
BRDA:29,1,0,1
BRDA:29,1,1,4
BRDA:29,2,0,5
BRDA:29,2,1,4
BRDA:42,3,0,6
BRDA:42,3,1,3
BRF:8
BRH:8
end_of_record
TN:
SF:/Users/eugenepetersen/Documents/github/aws-lambda-power-tuning/lambda/executor.js
FN:12,(anonymous_0)
FN:43,(anonymous_1)
FN:45,(anonymous_2)
FN:52,(anonymous_3)
FN:60,(anonymous_4)
FN:72,(anonymous_5)
FN:83,(anonymous_6)
FN:88,(anonymous_7)
FN:93,(anonymous_8)
FN:93,(anonymous_9)
FN:119,(anonymous_10)
FN:128,(anonymous_11)
FN:131,(anonymous_12)
FN:144,(anonymous_13)
FN:158,(anonymous_14)
FNF:15
FNH:15
FNDA:38,(anonymous_0)
FNDA:23,(anonymous_1)
FNDA:92,(anonymous_2)
FNDA:23,(anonymous_3)
FNDA:37,(anonymous_4)
FNDA:38,(anonymous_5)
FNDA:23,(anonymous_6)
FNDA:15,(anonymous_7)
FNDA:9,(anonymous_8)
FNDA:9,(anonymous_9)
FNDA:21,(anonymous_10)
FNDA:5,(anonymous_11)
FNDA:131,(anonymous_12)
FNDA:12,(anonymous_13)
FNDA:15,(anonymous_14)
DA:3,1
DA:5,1
DA:6,1
DA:12,1
DA:14,38
DA:16,37
DA:19,23
DA:20,23
DA:23,23
DA:24,1
DA:25,1
DA:28,23
DA:32,23
DA:34,17
DA:35,5
DA:37,12
DA:40,15
DA:43,1
DA:44,23
DA:45,23
DA:46,92
DA:47,92
DA:48,92
DA:52,1
DA:53,23
DA:54,1
DA:56,22
DA:57,22
DA:60,1
DA:61,37
DA:62,5
DA:64,32
DA:65,4
DA:67,28
DA:68,5
DA:72,1
DA:73,38
DA:83,1
DA:84,23
DA:88,15
DA:89,5
DA:93,9
DA:96,3
DA:99,3
DA:100,3
DA:101,7
DA:102,7
DA:103,1
DA:105,6
DA:106,6
DA:109,2
DA:113,15
DA:114,15
DA:115,15
DA:119,1
DA:121,21
DA:122,7
DA:123,7
DA:125,21
DA:128,1
DA:129,5
DA:131,5
DA:132,131
DA:134,131
DA:135,10
DA:137,121
DA:140,5
DA:141,4
DA:144,1
DA:145,12
DA:146,12
DA:148,273
DA:150,273
DA:151,1
DA:153,272
DA:155,11
DA:158,1
DA:161,15
DA:163,15
DA:164,15
DA:167,15
DA:170,15
DA:172,15
DA:179,15
DA:180,15
LF:85
LH:85
BRDA:23,0,0,1
BRDA:23,0,1,22
BRDA:34,1,0,5
BRDA:34,1,1,12
BRDA:53,2,0,1
BRDA:53,2,1,22
BRDA:61,3,0,5
BRDA:61,3,1,32
BRDA:64,4,0,4
BRDA:64,4,1,28
BRDA:64,5,0,32
BRDA:64,5,1,28
BRDA:67,6,0,5
BRDA:67,6,1,23
BRDA:67,7,0,28
BRDA:67,7,1,23
BRDA:84,8,0,8
BRDA:84,8,1,15
BRDA:88,9,0,5
BRDA:88,9,1,3
BRDA:88,10,0,8
BRDA:88,10,1,7
BRDA:88,11,0,15
BRDA:88,11,1,12
BRDA:102,12,0,1
BRDA:102,12,1,6
BRDA:121,13,0,7
BRDA:121,13,1,14
BRDA:121,14,0,21
BRDA:121,14,1,21
BRDA:134,15,0,10
BRDA:134,15,1,121
BRDA:150,16,0,1
BRDA:150,16,1,272
BRF:34
BRH:34
end_of_record
TN:
SF:/Users/eugenepetersen/Documents/github/aws-lambda-power-tuning/lambda/initializer.js
FN:9,(anonymous_0)
FN:31,(anonymous_1)
FN:47,(anonymous_2)
FNF:3
FNH:3
FNDA:23,(anonymous_0)
FNDA:22,(anonymous_1)
FNDA:22,(anonymous_2)
DA:3,1
DA:4,1
DA:9,1
DA:11,23
DA:12,22
DA:14,22
DA:17,11
DA:21,11
DA:22,79
DA:23,79
DA:26,9
DA:28,9
DA:31,1
DA:32,22
DA:35,22
DA:36,1
DA:40,22
DA:41,20
DA:44,22
DA:47,1
DA:48,22
DA:49,5
DA:51,17
DA:52,6
LF:24
LH:24
BRDA:35,0,0,1
BRDA:35,0,1,21
BRDA:40,1,0,20
BRDA:40,1,1,2
BRDA:40,2,0,22
BRDA:40,2,1,3
BRDA:48,3,0,5
BRDA:48,3,1,17
BRDA:51,4,0,6
BRDA:51,4,1,11
BRDA:51,5,0,17
BRDA:51,5,1,16
BRF:12
BRH:12
end_of_record
TN:
SF:/Users/eugenepetersen/Documents/github/aws-lambda-power-tuning/lambda/optimizer.js
FN:8,(anonymous_0)
FN:35,(anonymous_1)
FNF:2
FNH:2
FNDA:14,(anonymous_0)
FNDA:12,(anonymous_1)
DA:3,1
DA:8,1
DA:10,14
DA:12,14
DA:14,14
DA:15,2
DA:18,12
DA:20,4
DA:21,1
DA:24,3
DA:26,1
DA:29,2
DA:32,3
DA:35,1
DA:36,12
DA:37,6
DA:39,6
DA:40,2
LF:18
LH:18
BRDA:12,0,0,14
BRDA:12,0,1,7
BRDA:14,1,0,2
BRDA:14,1,1,12
BRDA:20,2,0,1
BRDA:20,2,1,3
BRDA:24,3,0,1
BRDA:24,3,1,2
BRDA:36,4,0,6
BRDA:36,4,1,6
BRDA:39,5,0,2
BRDA:39,5,1,4
BRF:12
BRH:12
end_of_record
TN:
SF:/Users/eugenepetersen/Documents/github/aws-lambda-power-tuning/lambda/utils.js
FN:9,(anonymous_0)
FN:12,(anonymous_1)
FN:24,(anonymous_2)
FN:37,(anonymous_3)
FN:56,(anonymous_4)
FN:80,(anonymous_5)
FN:94,(anonymous_6)
FN:107,(anonymous_7)
FN:119,(anonymous_8)
FN:132,(anonymous_9)
FN:146,(anonymous_10)
FN:160,(anonymous_11)
FN:173,(anonymous_12)
FN:188,(anonymous_13)
FN:195,(anonymous_14)
FN:196,(anonymous_15)
FN:205,(anonymous_16)
FN:211,(anonymous_17)
FN:214,(anonymous_18)
FN:220,(anonymous_19)
FN:234,(anonymous_20)
FN:244,(anonymous_21)
FN:256,(anonymous_22)
FN:263,(anonymous_23)
FN:270,(anonymous_24)
FN:277,(anonymous_25)
FN:286,(anonymous_26)
FN:288,encode
FN:296,(anonymous_28)
FN:300,(anonymous_29)
FN:301,(anonymous_30)
FN:302,(anonymous_31)
FNF:32
FNH:32
FNDA:21,(anonymous_0)
FNDA:3,(anonymous_1)
FNDA:1,(anonymous_2)
FNDA:82,(anonymous_3)
FNDA:81,(anonymous_4)
FNDA:1,(anonymous_5)
FNDA:1,(anonymous_6)
FNDA:1,(anonymous_7)
FNDA:1,(anonymous_8)
FNDA:1,(anonymous_9)
FNDA:1,(anonymous_10)
FNDA:1,(anonymous_11)
FNDA:1,(anonymous_12)
FNDA:414,(anonymous_13)
FNDA:18,(anonymous_14)
FNDA:399,(anonymous_15)
FNDA:17,(anonymous_16)
FNDA:398,(anonymous_17)
FNDA:398,(anonymous_18)
FNDA:17,(anonymous_19)
FNDA:237,(anonymous_20)
FNDA:402,(anonymous_21)
FNDA:404,(anonymous_22)
FNDA:34,(anonymous_23)
FNDA:17,(anonymous_24)
FNDA:17,(anonymous_25)
FNDA:12,(anonymous_26)
FNDA:36,encode
FNDA:41,(anonymous_28)
FNDA:37,(anonymous_29)
FNDA:37,(anonymous_30)
FNDA:37,(anonymous_31)
DA:3,1
DA:6,1
DA:9,21
DA:12,1
DA:13,3
DA:14,3
DA:15,3
DA:16,138
DA:18,3
DA:24,1
DA:25,1
DA:26,1
DA:30,1
DA:31,1
DA:37,1
DA:38,82
DA:39,82
DA:40,3
DA:42,79
DA:44,78
DA:45,78
DA:47,1
DA:48,1
DA:56,1
DA:57,81
DA:58,81
DA:59,80
DA:60,80
DA:61,79
DA:62,2
DA:64,77
DA:67,6
DA:69,4
DA:71,2
DA:72,2
DA:80,1
DA:81,1
DA:82,1
DA:86,1
DA:87,1
DA:88,1
DA:94,1
DA:95,1
DA:96,1
DA:100,1
DA:101,1
DA:107,1
DA:108,1
DA:109,1
DA:112,1
DA:113,1
DA:119,1
DA:120,1
DA:121,1
DA:125,1
DA:126,1
DA:132,1
DA:133,1
DA:134,1
DA:139,1
DA:140,1
DA:146,1
DA:147,1
DA:148,1
DA:153,1
DA:154,1
DA:160,1
DA:161,1
DA:162,1
DA:166,1
DA:167,1
DA:173,1
DA:174,1
DA:175,1
DA:181,1
DA:182,1
DA:188,1
DA:190,414
DA:192,414
DA:195,1
DA:196,18
DA:197,399
DA:198,399
DA:205,1
DA:206,17
DA:207,1
DA:211,398
DA:214,398
DA:220,1
DA:221,17
DA:222,1
DA:226,16
DA:228,16
DA:231,16
DA:234,237
DA:238,16
DA:244,1
DA:246,402
DA:247,402
DA:249,399
DA:250,399
DA:256,1
DA:257,404
DA:263,1
DA:264,34
DA:265,2
DA:267,34
DA:270,1
DA:271,17
DA:272,7
DA:274,10
DA:277,1
DA:278,17
DA:279,10
DA:286,1
DA:289,36
DA:290,36
DA:291,36
DA:292,36
DA:296,12
DA:297,41
DA:300,37
DA:301,37
DA:302,37
DA:304,12
DA:310,12
LF:126
LH:126
BRDA:42,0,0,78
BRDA:42,0,1,1
BRDA:61,1,0,2
BRDA:61,1,1,77
BRDA:67,2,0,4
BRDA:67,2,1,2
BRDA:67,3,0,6
BRDA:67,3,1,6
BRDA:197,4,0,399
BRDA:197,4,1,1
BRDA:206,5,0,1
BRDA:206,5,1,16
BRDA:206,6,0,17
BRDA:206,6,1,17
BRDA:221,7,0,1
BRDA:221,7,1,16
BRDA:221,8,0,17
BRDA:221,8,1,17
BRDA:247,9,0,3
BRDA:247,9,1,399
BRDA:264,10,0,2
BRDA:264,10,1,32
BRDA:264,11,0,34
BRDA:264,11,1,33
BRDA:271,12,0,7
BRDA:271,12,1,10
BRDA:271,13,0,17
BRDA:271,13,1,12
BRDA:288,14,0,24
BRDA:289,15,0,36
BRDA:289,15,1,24
BRF:31
BRH:31
end_of_record
